2020-06-10 [ restartedMain ] - [ INFO  ] [ com.xuexikuaile.deng.XueApplication : 55 ] - Starting XueApplication on DESKTOP-DCU46N6 with PID 860 (E:\javawebproject\学可见\target\classes started by 24771 in E:\javawebproject\学可见)
2020-06-10 [ restartedMain ] - [ INFO  ] [ com.xuexikuaile.deng.XueApplication : 651 ] - No active profile set, falling back to default profiles: default
2020-06-10 [ restartedMain ] - [ INFO  ] [ o.s.b.d.env.DevToolsPropertyDefaultsPostProcessor : 225 ] - Devtools property defaults active! Set 'spring.devtools.add-properties' to 'false' to disable
2020-06-10 [ restartedMain ] - [ INFO  ] [ o.s.b.d.env.DevToolsPropertyDefaultsPostProcessor : 225 ] - For additional web related logging consider setting the 'logging.level.web' property to 'DEBUG'
2020-06-10 [ restartedMain ] - [ INFO  ] [ o.s.d.r.config.RepositoryConfigurationDelegate : 249 ] - Multiple Spring Data modules found, entering strict repository configuration mode!
2020-06-10 [ restartedMain ] - [ INFO  ] [ o.s.d.r.config.RepositoryConfigurationDelegate : 127 ] - Bootstrapping Spring Data Redis repositories in DEFAULT mode.
2020-06-10 [ restartedMain ] - [ INFO  ] [ o.s.d.r.config.RepositoryConfigurationDelegate : 187 ] - Finished Spring Data repository scanning in 8ms. Found 0 Redis repository interfaces.
2020-06-10 [ restartedMain ] - [ INFO  ] [ o.s.boot.web.embedded.tomcat.TomcatWebServer : 108 ] - Tomcat initialized with port(s): 2021 (http)
2020-06-10 [ restartedMain ] - [ INFO  ] [ org.apache.catalina.core.StandardService : 173 ] - Starting service [Tomcat]
2020-06-10 [ restartedMain ] - [ INFO  ] [ org.apache.catalina.core.StandardEngine : 173 ] - Starting Servlet engine: [Apache Tomcat/9.0.35]
2020-06-10 [ restartedMain ] - [ INFO  ] [ o.a.c.core.ContainerBase.[Tomcat].[localhost].[/] : 173 ] - Initializing Spring embedded WebApplicationContext
2020-06-10 [ restartedMain ] - [ INFO  ] [ org.springframework.web.context.ContextLoader : 284 ] - Root WebApplicationContext: initialization completed in 2545 ms
2020-06-10 [ restartedMain ] - [ INFO  ] [ s.d.s.w.PropertySourcedRequestMappingHandlerMapping : 69 ] - Mapped URL path [/v2/api-docs] onto method [springfox.documentation.swagger2.web.Swagger2Controller#getDocumentation(String, HttpServletRequest)]
2020-06-10 [ restartedMain ] - [ INFO  ] [ o.s.scheduling.concurrent.ThreadPoolTaskExecutor : 181 ] - Initializing ExecutorService 'applicationTaskExecutor'
2020-06-10 [ restartedMain ] - [ INFO  ] [ o.s.b.d.autoconfigure.OptionalLiveReloadServer : 58 ] - LiveReload server is running on port 35729
2020-06-10 [ restartedMain ] - [ INFO  ] [ o.s.boot.web.embedded.tomcat.TomcatWebServer : 220 ] - Tomcat started on port(s): 2021 (http) with context path ''
2020-06-10 [ restartedMain ] - [ INFO  ] [ s.d.s.web.plugins.DocumentationPluginsBootstrapper : 160 ] - Context refreshed
2020-06-10 [ restartedMain ] - [ INFO  ] [ s.d.s.web.plugins.DocumentationPluginsBootstrapper : 163 ] - Found 1 custom documentation plugin(s)
2020-06-10 [ restartedMain ] - [ INFO  ] [ s.d.spring.web.scanners.ApiListingReferenceScanner : 41 ] - Scanning for api listing references
2020-06-10 [ restartedMain ] - [ INFO  ] [ com.xuexikuaile.deng.XueApplication : 61 ] - Started XueApplication in 4.972 seconds (JVM running for 6.377)
2020-06-10 [ restartedMain ] - [ INFO  ] [ com.xuexikuaile.deng.XueApplication : 55 ] - Starting XueApplication on DESKTOP-DCU46N6 with PID 9476 (E:\javawebproject\学可见\target\classes started by 24771 in E:\javawebproject\学可见)
2020-06-10 [ restartedMain ] - [ INFO  ] [ com.xuexikuaile.deng.XueApplication : 651 ] - No active profile set, falling back to default profiles: default
2020-06-10 [ restartedMain ] - [ INFO  ] [ o.s.b.d.env.DevToolsPropertyDefaultsPostProcessor : 225 ] - Devtools property defaults active! Set 'spring.devtools.add-properties' to 'false' to disable
2020-06-10 [ restartedMain ] - [ INFO  ] [ o.s.b.d.env.DevToolsPropertyDefaultsPostProcessor : 225 ] - For additional web related logging consider setting the 'logging.level.web' property to 'DEBUG'
2020-06-10 [ restartedMain ] - [ INFO  ] [ o.s.d.r.config.RepositoryConfigurationDelegate : 249 ] - Multiple Spring Data modules found, entering strict repository configuration mode!
2020-06-10 [ restartedMain ] - [ INFO  ] [ o.s.d.r.config.RepositoryConfigurationDelegate : 127 ] - Bootstrapping Spring Data Redis repositories in DEFAULT mode.
2020-06-10 [ restartedMain ] - [ INFO  ] [ o.s.d.r.config.RepositoryConfigurationDelegate : 187 ] - Finished Spring Data repository scanning in 6ms. Found 0 Redis repository interfaces.
2020-06-10 [ restartedMain ] - [ INFO  ] [ o.s.boot.web.embedded.tomcat.TomcatWebServer : 108 ] - Tomcat initialized with port(s): 2021 (http)
2020-06-10 [ restartedMain ] - [ INFO  ] [ org.apache.catalina.core.StandardService : 173 ] - Starting service [Tomcat]
2020-06-10 [ restartedMain ] - [ INFO  ] [ org.apache.catalina.core.StandardEngine : 173 ] - Starting Servlet engine: [Apache Tomcat/9.0.35]
2020-06-10 [ restartedMain ] - [ INFO  ] [ o.a.c.core.ContainerBase.[Tomcat].[localhost].[/] : 173 ] - Initializing Spring embedded WebApplicationContext
2020-06-10 [ restartedMain ] - [ INFO  ] [ org.springframework.web.context.ContextLoader : 284 ] - Root WebApplicationContext: initialization completed in 1220 ms
2020-06-10 [ restartedMain ] - [ INFO  ] [ s.d.s.w.PropertySourcedRequestMappingHandlerMapping : 69 ] - Mapped URL path [/v2/api-docs] onto method [springfox.documentation.swagger2.web.Swagger2Controller#getDocumentation(String, HttpServletRequest)]
2020-06-10 [ restartedMain ] - [ INFO  ] [ o.s.scheduling.concurrent.ThreadPoolTaskExecutor : 181 ] - Initializing ExecutorService 'applicationTaskExecutor'
2020-06-10 [ restartedMain ] - [ INFO  ] [ o.s.b.d.autoconfigure.OptionalLiveReloadServer : 58 ] - LiveReload server is running on port 35729
2020-06-10 [ restartedMain ] - [ INFO  ] [ o.s.boot.web.embedded.tomcat.TomcatWebServer : 220 ] - Tomcat started on port(s): 2021 (http) with context path ''
2020-06-10 [ restartedMain ] - [ INFO  ] [ s.d.s.web.plugins.DocumentationPluginsBootstrapper : 160 ] - Context refreshed
2020-06-10 [ restartedMain ] - [ INFO  ] [ s.d.s.web.plugins.DocumentationPluginsBootstrapper : 163 ] - Found 1 custom documentation plugin(s)
2020-06-10 [ restartedMain ] - [ INFO  ] [ s.d.spring.web.scanners.ApiListingReferenceScanner : 41 ] - Scanning for api listing references
2020-06-10 [ restartedMain ] - [ INFO  ] [ com.xuexikuaile.deng.XueApplication : 61 ] - Started XueApplication in 3.192 seconds (JVM running for 4.036)
2020-06-10 [ http-nio-2021-exec-2 ] - [ INFO  ] [ o.a.c.core.ContainerBase.[Tomcat].[localhost].[/] : 173 ] - Initializing Spring DispatcherServlet 'dispatcherServlet'
2020-06-10 [ http-nio-2021-exec-2 ] - [ INFO  ] [ org.springframework.web.servlet.DispatcherServlet : 525 ] - Initializing Servlet 'dispatcherServlet'
2020-06-10 [ http-nio-2021-exec-2 ] - [ INFO  ] [ org.springframework.web.servlet.DispatcherServlet : 547 ] - Completed initialization in 4 ms
2020-06-10 [ http-nio-2021-exec-3 ] - [ INFO  ] [ org.apache.tomcat.util.http.parser.Cookie : 173 ] - A cookie header was received [1588210681,1588769053] that contained an invalid cookie. That cookie will be ignored.
 Note: further occurrences of this error will be logged at DEBUG level.
2020-06-10 [ http-nio-2021-exec-6 ] - [ WARN  ] [ o.s.w.s.m.support.DefaultHandlerExceptionResolver : 199 ] - Resolved [org.springframework.http.converter.HttpMessageNotReadableException: Required request body is missing: public java.util.Map<java.lang.String, java.lang.Object> com.xuexikuaile.deng.controller.LoginController.loginEveryOne(com.xuexikuaile.deng.pojo.SUser)]
2020-06-10 [ restartedMain ] - [ INFO  ] [ com.xuexikuaile.deng.XueApplication : 55 ] - Starting XueApplication on DESKTOP-DCU46N6 with PID 18116 (E:\javawebproject\学可见\target\classes started by 24771 in E:\javawebproject\学可见)
2020-06-10 [ restartedMain ] - [ INFO  ] [ com.xuexikuaile.deng.XueApplication : 651 ] - No active profile set, falling back to default profiles: default
2020-06-10 [ restartedMain ] - [ INFO  ] [ o.s.b.d.env.DevToolsPropertyDefaultsPostProcessor : 225 ] - Devtools property defaults active! Set 'spring.devtools.add-properties' to 'false' to disable
2020-06-10 [ restartedMain ] - [ INFO  ] [ o.s.b.d.env.DevToolsPropertyDefaultsPostProcessor : 225 ] - For additional web related logging consider setting the 'logging.level.web' property to 'DEBUG'
2020-06-10 [ restartedMain ] - [ INFO  ] [ o.s.d.r.config.RepositoryConfigurationDelegate : 249 ] - Multiple Spring Data modules found, entering strict repository configuration mode!
2020-06-10 [ restartedMain ] - [ INFO  ] [ o.s.d.r.config.RepositoryConfigurationDelegate : 127 ] - Bootstrapping Spring Data Redis repositories in DEFAULT mode.
2020-06-10 [ restartedMain ] - [ INFO  ] [ o.s.d.r.config.RepositoryConfigurationDelegate : 187 ] - Finished Spring Data repository scanning in 6ms. Found 0 Redis repository interfaces.
2020-06-10 [ restartedMain ] - [ INFO  ] [ o.s.boot.web.embedded.tomcat.TomcatWebServer : 108 ] - Tomcat initialized with port(s): 2021 (http)
2020-06-10 [ restartedMain ] - [ INFO  ] [ org.apache.catalina.core.StandardService : 173 ] - Starting service [Tomcat]
2020-06-10 [ restartedMain ] - [ INFO  ] [ org.apache.catalina.core.StandardEngine : 173 ] - Starting Servlet engine: [Apache Tomcat/9.0.35]
2020-06-10 [ restartedMain ] - [ INFO  ] [ o.a.c.core.ContainerBase.[Tomcat].[localhost].[/] : 173 ] - Initializing Spring embedded WebApplicationContext
2020-06-10 [ restartedMain ] - [ INFO  ] [ org.springframework.web.context.ContextLoader : 284 ] - Root WebApplicationContext: initialization completed in 1293 ms
2020-06-10 [ restartedMain ] - [ INFO  ] [ s.d.s.w.PropertySourcedRequestMappingHandlerMapping : 69 ] - Mapped URL path [/v2/api-docs] onto method [springfox.documentation.swagger2.web.Swagger2Controller#getDocumentation(String, HttpServletRequest)]
2020-06-10 [ restartedMain ] - [ INFO  ] [ o.s.scheduling.concurrent.ThreadPoolTaskExecutor : 181 ] - Initializing ExecutorService 'applicationTaskExecutor'
2020-06-10 [ restartedMain ] - [ INFO  ] [ o.s.b.d.autoconfigure.OptionalLiveReloadServer : 58 ] - LiveReload server is running on port 35729
2020-06-10 [ restartedMain ] - [ INFO  ] [ o.s.boot.web.embedded.tomcat.TomcatWebServer : 220 ] - Tomcat started on port(s): 2021 (http) with context path ''
2020-06-10 [ restartedMain ] - [ INFO  ] [ s.d.s.web.plugins.DocumentationPluginsBootstrapper : 160 ] - Context refreshed
2020-06-10 [ restartedMain ] - [ INFO  ] [ s.d.s.web.plugins.DocumentationPluginsBootstrapper : 163 ] - Found 1 custom documentation plugin(s)
2020-06-10 [ restartedMain ] - [ INFO  ] [ s.d.spring.web.scanners.ApiListingReferenceScanner : 41 ] - Scanning for api listing references
2020-06-10 [ restartedMain ] - [ INFO  ] [ com.xuexikuaile.deng.XueApplication : 61 ] - Started XueApplication in 3.361 seconds (JVM running for 4.243)
2020-06-10 [ http-nio-2021-exec-1 ] - [ INFO  ] [ org.apache.tomcat.util.http.parser.Cookie : 173 ] - A cookie header was received [1588210681,1588769053] that contained an invalid cookie. That cookie will be ignored.
 Note: further occurrences of this error will be logged at DEBUG level.
2020-06-10 [ http-nio-2021-exec-1 ] - [ INFO  ] [ o.a.c.core.ContainerBase.[Tomcat].[localhost].[/] : 173 ] - Initializing Spring DispatcherServlet 'dispatcherServlet'
2020-06-10 [ http-nio-2021-exec-1 ] - [ INFO  ] [ org.springframework.web.servlet.DispatcherServlet : 525 ] - Initializing Servlet 'dispatcherServlet'
2020-06-10 [ http-nio-2021-exec-1 ] - [ INFO  ] [ org.springframework.web.servlet.DispatcherServlet : 547 ] - Completed initialization in 3 ms
2020-06-10 [ http-nio-2021-exec-4 ] - [ INFO  ] [ com.alibaba.druid.pool.DruidDataSource : 1010 ] - {dataSource-1} inited
2020-06-10 [ http-nio-2021-exec-4 ] - [ ERROR ] [ o.a.c.c.C.[.[localhost].[/].[dispatcherServlet] : 175 ] - Servlet.service() for servlet [dispatcherServlet] in context with path [] threw exception [Request processing failed; nested exception is java.lang.NullPointerException] with root cause
java.lang.NullPointerException: null
	at com.xuexikuaile.deng.controller.LoginController.loginEveryOne(LoginController.java:43)
	at sun.reflect.NativeMethodAccessorImpl.invoke0(Native Method)
	at sun.reflect.NativeMethodAccessorImpl.invoke(NativeMethodAccessorImpl.java:62)
	at sun.reflect.DelegatingMethodAccessorImpl.invoke(DelegatingMethodAccessorImpl.java:43)
	at java.lang.reflect.Method.invoke(Method.java:498)
	at org.springframework.web.method.support.InvocableHandlerMethod.doInvoke(InvocableHandlerMethod.java:190)
	at org.springframework.web.method.support.InvocableHandlerMethod.invokeForRequest(InvocableHandlerMethod.java:138)
	at org.springframework.web.servlet.mvc.method.annotation.ServletInvocableHandlerMethod.invokeAndHandle(ServletInvocableHandlerMethod.java:105)
	at org.springframework.web.servlet.mvc.method.annotation.RequestMappingHandlerAdapter.invokeHandlerMethod(RequestMappingHandlerAdapter.java:879)
	at org.springframework.web.servlet.mvc.method.annotation.RequestMappingHandlerAdapter.handleInternal(RequestMappingHandlerAdapter.java:793)
	at org.springframework.web.servlet.mvc.method.AbstractHandlerMethodAdapter.handle(AbstractHandlerMethodAdapter.java:87)
	at org.springframework.web.servlet.DispatcherServlet.doDispatch(DispatcherServlet.java:1040)
	at org.springframework.web.servlet.DispatcherServlet.doService(DispatcherServlet.java:943)
	at org.springframework.web.servlet.FrameworkServlet.processRequest(FrameworkServlet.java:1006)
	at org.springframework.web.servlet.FrameworkServlet.doPost(FrameworkServlet.java:909)
	at javax.servlet.http.HttpServlet.service(HttpServlet.java:660)
	at org.springframework.web.servlet.FrameworkServlet.service(FrameworkServlet.java:883)
	at javax.servlet.http.HttpServlet.service(HttpServlet.java:741)
	at org.apache.catalina.core.ApplicationFilterChain.internalDoFilter(ApplicationFilterChain.java:231)
	at org.apache.catalina.core.ApplicationFilterChain.doFilter(ApplicationFilterChain.java:166)
	at org.apache.tomcat.websocket.server.WsFilter.doFilter(WsFilter.java:53)
	at org.apache.catalina.core.ApplicationFilterChain.internalDoFilter(ApplicationFilterChain.java:193)
	at org.apache.catalina.core.ApplicationFilterChain.doFilter(ApplicationFilterChain.java:166)
	at com.alibaba.druid.support.http.WebStatFilter.doFilter(WebStatFilter.java:124)
	at org.apache.catalina.core.ApplicationFilterChain.internalDoFilter(ApplicationFilterChain.java:193)
	at org.apache.catalina.core.ApplicationFilterChain.doFilter(ApplicationFilterChain.java:166)
	at org.springframework.web.filter.RequestContextFilter.doFilterInternal(RequestContextFilter.java:100)
	at org.springframework.web.filter.OncePerRequestFilter.doFilter(OncePerRequestFilter.java:119)
	at org.apache.catalina.core.ApplicationFilterChain.internalDoFilter(ApplicationFilterChain.java:193)
	at org.apache.catalina.core.ApplicationFilterChain.doFilter(ApplicationFilterChain.java:166)
	at org.springframework.web.filter.FormContentFilter.doFilterInternal(FormContentFilter.java:93)
	at org.springframework.web.filter.OncePerRequestFilter.doFilter(OncePerRequestFilter.java:119)
	at org.apache.catalina.core.ApplicationFilterChain.internalDoFilter(ApplicationFilterChain.java:193)
	at org.apache.catalina.core.ApplicationFilterChain.doFilter(ApplicationFilterChain.java:166)
	at org.springframework.web.filter.CharacterEncodingFilter.doFilterInternal(CharacterEncodingFilter.java:201)
	at org.springframework.web.filter.OncePerRequestFilter.doFilter(OncePerRequestFilter.java:119)
	at org.apache.catalina.core.ApplicationFilterChain.internalDoFilter(ApplicationFilterChain.java:193)
	at org.apache.catalina.core.ApplicationFilterChain.doFilter(ApplicationFilterChain.java:166)
	at org.apache.catalina.core.StandardWrapperValve.invoke(StandardWrapperValve.java:202)
	at org.apache.catalina.core.StandardContextValve.invoke(StandardContextValve.java:96)
	at org.apache.catalina.authenticator.AuthenticatorBase.invoke(AuthenticatorBase.java:541)
	at org.apache.catalina.core.StandardHostValve.invoke(StandardHostValve.java:139)
	at org.apache.catalina.valves.ErrorReportValve.invoke(ErrorReportValve.java:92)
	at org.apache.catalina.core.StandardEngineValve.invoke(StandardEngineValve.java:74)
	at org.apache.catalina.connector.CoyoteAdapter.service(CoyoteAdapter.java:343)
	at org.apache.coyote.http11.Http11Processor.service(Http11Processor.java:373)
	at org.apache.coyote.AbstractProcessorLight.process(AbstractProcessorLight.java:65)
	at org.apache.coyote.AbstractProtocol$ConnectionHandler.process(AbstractProtocol.java:868)
	at org.apache.tomcat.util.net.NioEndpoint$SocketProcessor.doRun(NioEndpoint.java:1590)
	at org.apache.tomcat.util.net.SocketProcessorBase.run(SocketProcessorBase.java:49)
	at java.util.concurrent.ThreadPoolExecutor.runWorker(ThreadPoolExecutor.java:1149)
	at java.util.concurrent.ThreadPoolExecutor$Worker.run(ThreadPoolExecutor.java:624)
	at org.apache.tomcat.util.threads.TaskThread$WrappingRunnable.run(TaskThread.java:61)
	at java.lang.Thread.run(Thread.java:748)
2020-06-10 [ restartedMain ] - [ INFO  ] [ com.xuexikuaile.deng.XueApplication : 55 ] - Starting XueApplication on DESKTOP-DCU46N6 with PID 20232 (E:\javawebproject\学可见\target\classes started by 24771 in E:\javawebproject\学可见)
2020-06-10 [ restartedMain ] - [ INFO  ] [ com.xuexikuaile.deng.XueApplication : 651 ] - No active profile set, falling back to default profiles: default
2020-06-10 [ restartedMain ] - [ INFO  ] [ o.s.b.d.env.DevToolsPropertyDefaultsPostProcessor : 225 ] - Devtools property defaults active! Set 'spring.devtools.add-properties' to 'false' to disable
2020-06-10 [ restartedMain ] - [ INFO  ] [ o.s.b.d.env.DevToolsPropertyDefaultsPostProcessor : 225 ] - For additional web related logging consider setting the 'logging.level.web' property to 'DEBUG'
2020-06-10 [ restartedMain ] - [ INFO  ] [ o.s.d.r.config.RepositoryConfigurationDelegate : 249 ] - Multiple Spring Data modules found, entering strict repository configuration mode!
2020-06-10 [ restartedMain ] - [ INFO  ] [ o.s.d.r.config.RepositoryConfigurationDelegate : 127 ] - Bootstrapping Spring Data Redis repositories in DEFAULT mode.
2020-06-10 [ restartedMain ] - [ INFO  ] [ o.s.d.r.config.RepositoryConfigurationDelegate : 187 ] - Finished Spring Data repository scanning in 6ms. Found 0 Redis repository interfaces.
2020-06-10 [ restartedMain ] - [ INFO  ] [ o.s.boot.web.embedded.tomcat.TomcatWebServer : 108 ] - Tomcat initialized with port(s): 2021 (http)
2020-06-10 [ restartedMain ] - [ INFO  ] [ org.apache.catalina.core.StandardService : 173 ] - Starting service [Tomcat]
2020-06-10 [ restartedMain ] - [ INFO  ] [ org.apache.catalina.core.StandardEngine : 173 ] - Starting Servlet engine: [Apache Tomcat/9.0.35]
2020-06-10 [ restartedMain ] - [ INFO  ] [ o.a.c.core.ContainerBase.[Tomcat].[localhost].[/] : 173 ] - Initializing Spring embedded WebApplicationContext
2020-06-10 [ restartedMain ] - [ INFO  ] [ org.springframework.web.context.ContextLoader : 284 ] - Root WebApplicationContext: initialization completed in 1210 ms
2020-06-10 [ restartedMain ] - [ INFO  ] [ s.d.s.w.PropertySourcedRequestMappingHandlerMapping : 69 ] - Mapped URL path [/v2/api-docs] onto method [springfox.documentation.swagger2.web.Swagger2Controller#getDocumentation(String, HttpServletRequest)]
2020-06-10 [ restartedMain ] - [ INFO  ] [ o.s.scheduling.concurrent.ThreadPoolTaskExecutor : 181 ] - Initializing ExecutorService 'applicationTaskExecutor'
2020-06-10 [ restartedMain ] - [ INFO  ] [ o.s.b.d.autoconfigure.OptionalLiveReloadServer : 58 ] - LiveReload server is running on port 35729
2020-06-10 [ restartedMain ] - [ INFO  ] [ o.s.boot.web.embedded.tomcat.TomcatWebServer : 220 ] - Tomcat started on port(s): 2021 (http) with context path ''
2020-06-10 [ restartedMain ] - [ INFO  ] [ s.d.s.web.plugins.DocumentationPluginsBootstrapper : 160 ] - Context refreshed
2020-06-10 [ restartedMain ] - [ INFO  ] [ s.d.s.web.plugins.DocumentationPluginsBootstrapper : 163 ] - Found 1 custom documentation plugin(s)
2020-06-10 [ restartedMain ] - [ INFO  ] [ s.d.spring.web.scanners.ApiListingReferenceScanner : 41 ] - Scanning for api listing references
2020-06-10 [ restartedMain ] - [ INFO  ] [ com.xuexikuaile.deng.XueApplication : 61 ] - Started XueApplication in 3.122 seconds (JVM running for 3.975)
2020-06-10 [ http-nio-2021-exec-1 ] - [ INFO  ] [ o.a.c.core.ContainerBase.[Tomcat].[localhost].[/] : 173 ] - Initializing Spring DispatcherServlet 'dispatcherServlet'
2020-06-10 [ http-nio-2021-exec-1 ] - [ INFO  ] [ org.springframework.web.servlet.DispatcherServlet : 525 ] - Initializing Servlet 'dispatcherServlet'
2020-06-10 [ http-nio-2021-exec-1 ] - [ INFO  ] [ org.springframework.web.servlet.DispatcherServlet : 547 ] - Completed initialization in 5 ms
2020-06-10 [ http-nio-2021-exec-1 ] - [ INFO  ] [ com.alibaba.druid.pool.DruidDataSource : 1010 ] - {dataSource-1} inited
2020-06-10 [ http-nio-2021-exec-1 ] - [ ERROR ] [ o.a.c.c.C.[.[localhost].[/].[dispatcherServlet] : 175 ] - Servlet.service() for servlet [dispatcherServlet] in context with path [] threw exception [Request processing failed; nested exception is java.lang.NullPointerException] with root cause
java.lang.NullPointerException: null
	at com.xuexikuaile.deng.controller.LoginController.loginEveryOne(LoginController.java:42)
	at sun.reflect.NativeMethodAccessorImpl.invoke0(Native Method)
	at sun.reflect.NativeMethodAccessorImpl.invoke(NativeMethodAccessorImpl.java:62)
	at sun.reflect.DelegatingMethodAccessorImpl.invoke(DelegatingMethodAccessorImpl.java:43)
	at java.lang.reflect.Method.invoke(Method.java:498)
	at org.springframework.web.method.support.InvocableHandlerMethod.doInvoke(InvocableHandlerMethod.java:190)
	at org.springframework.web.method.support.InvocableHandlerMethod.invokeForRequest(InvocableHandlerMethod.java:138)
	at org.springframework.web.servlet.mvc.method.annotation.ServletInvocableHandlerMethod.invokeAndHandle(ServletInvocableHandlerMethod.java:105)
	at org.springframework.web.servlet.mvc.method.annotation.RequestMappingHandlerAdapter.invokeHandlerMethod(RequestMappingHandlerAdapter.java:879)
	at org.springframework.web.servlet.mvc.method.annotation.RequestMappingHandlerAdapter.handleInternal(RequestMappingHandlerAdapter.java:793)
	at org.springframework.web.servlet.mvc.method.AbstractHandlerMethodAdapter.handle(AbstractHandlerMethodAdapter.java:87)
	at org.springframework.web.servlet.DispatcherServlet.doDispatch(DispatcherServlet.java:1040)
	at org.springframework.web.servlet.DispatcherServlet.doService(DispatcherServlet.java:943)
	at org.springframework.web.servlet.FrameworkServlet.processRequest(FrameworkServlet.java:1006)
	at org.springframework.web.servlet.FrameworkServlet.doGet(FrameworkServlet.java:898)
	at javax.servlet.http.HttpServlet.service(HttpServlet.java:634)
	at org.springframework.web.servlet.FrameworkServlet.service(FrameworkServlet.java:883)
	at javax.servlet.http.HttpServlet.service(HttpServlet.java:741)
	at org.apache.catalina.core.ApplicationFilterChain.internalDoFilter(ApplicationFilterChain.java:231)
	at org.apache.catalina.core.ApplicationFilterChain.doFilter(ApplicationFilterChain.java:166)
	at org.apache.tomcat.websocket.server.WsFilter.doFilter(WsFilter.java:53)
	at org.apache.catalina.core.ApplicationFilterChain.internalDoFilter(ApplicationFilterChain.java:193)
	at org.apache.catalina.core.ApplicationFilterChain.doFilter(ApplicationFilterChain.java:166)
	at com.alibaba.druid.support.http.WebStatFilter.doFilter(WebStatFilter.java:124)
	at org.apache.catalina.core.ApplicationFilterChain.internalDoFilter(ApplicationFilterChain.java:193)
	at org.apache.catalina.core.ApplicationFilterChain.doFilter(ApplicationFilterChain.java:166)
	at org.springframework.web.filter.RequestContextFilter.doFilterInternal(RequestContextFilter.java:100)
	at org.springframework.web.filter.OncePerRequestFilter.doFilter(OncePerRequestFilter.java:119)
	at org.apache.catalina.core.ApplicationFilterChain.internalDoFilter(ApplicationFilterChain.java:193)
	at org.apache.catalina.core.ApplicationFilterChain.doFilter(ApplicationFilterChain.java:166)
	at org.springframework.web.filter.FormContentFilter.doFilterInternal(FormContentFilter.java:93)
	at org.springframework.web.filter.OncePerRequestFilter.doFilter(OncePerRequestFilter.java:119)
	at org.apache.catalina.core.ApplicationFilterChain.internalDoFilter(ApplicationFilterChain.java:193)
	at org.apache.catalina.core.ApplicationFilterChain.doFilter(ApplicationFilterChain.java:166)
	at org.springframework.web.filter.CharacterEncodingFilter.doFilterInternal(CharacterEncodingFilter.java:201)
	at org.springframework.web.filter.OncePerRequestFilter.doFilter(OncePerRequestFilter.java:119)
	at org.apache.catalina.core.ApplicationFilterChain.internalDoFilter(ApplicationFilterChain.java:193)
	at org.apache.catalina.core.ApplicationFilterChain.doFilter(ApplicationFilterChain.java:166)
	at org.apache.catalina.core.StandardWrapperValve.invoke(StandardWrapperValve.java:202)
	at org.apache.catalina.core.StandardContextValve.invoke(StandardContextValve.java:96)
	at org.apache.catalina.authenticator.AuthenticatorBase.invoke(AuthenticatorBase.java:541)
	at org.apache.catalina.core.StandardHostValve.invoke(StandardHostValve.java:139)
	at org.apache.catalina.valves.ErrorReportValve.invoke(ErrorReportValve.java:92)
	at org.apache.catalina.core.StandardEngineValve.invoke(StandardEngineValve.java:74)
	at org.apache.catalina.connector.CoyoteAdapter.service(CoyoteAdapter.java:343)
	at org.apache.coyote.http11.Http11Processor.service(Http11Processor.java:373)
	at org.apache.coyote.AbstractProcessorLight.process(AbstractProcessorLight.java:65)
	at org.apache.coyote.AbstractProtocol$ConnectionHandler.process(AbstractProtocol.java:868)
	at org.apache.tomcat.util.net.NioEndpoint$SocketProcessor.doRun(NioEndpoint.java:1590)
	at org.apache.tomcat.util.net.SocketProcessorBase.run(SocketProcessorBase.java:49)
	at java.util.concurrent.ThreadPoolExecutor.runWorker(ThreadPoolExecutor.java:1149)
	at java.util.concurrent.ThreadPoolExecutor$Worker.run(ThreadPoolExecutor.java:624)
	at org.apache.tomcat.util.threads.TaskThread$WrappingRunnable.run(TaskThread.java:61)
	at java.lang.Thread.run(Thread.java:748)
2020-06-10 [ restartedMain ] - [ INFO  ] [ com.xuexikuaile.deng.XueApplication : 55 ] - Starting XueApplication on DESKTOP-DCU46N6 with PID 17824 (E:\javawebproject\学可见\target\classes started by 24771 in E:\javawebproject\学可见)
2020-06-10 [ restartedMain ] - [ INFO  ] [ com.xuexikuaile.deng.XueApplication : 651 ] - No active profile set, falling back to default profiles: default
2020-06-10 [ restartedMain ] - [ INFO  ] [ o.s.b.d.env.DevToolsPropertyDefaultsPostProcessor : 225 ] - Devtools property defaults active! Set 'spring.devtools.add-properties' to 'false' to disable
2020-06-10 [ restartedMain ] - [ INFO  ] [ o.s.b.d.env.DevToolsPropertyDefaultsPostProcessor : 225 ] - For additional web related logging consider setting the 'logging.level.web' property to 'DEBUG'
2020-06-10 [ restartedMain ] - [ INFO  ] [ o.s.d.r.config.RepositoryConfigurationDelegate : 249 ] - Multiple Spring Data modules found, entering strict repository configuration mode!
2020-06-10 [ restartedMain ] - [ INFO  ] [ o.s.d.r.config.RepositoryConfigurationDelegate : 127 ] - Bootstrapping Spring Data Redis repositories in DEFAULT mode.
2020-06-10 [ restartedMain ] - [ INFO  ] [ o.s.d.r.config.RepositoryConfigurationDelegate : 187 ] - Finished Spring Data repository scanning in 7ms. Found 0 Redis repository interfaces.
2020-06-10 [ restartedMain ] - [ INFO  ] [ o.s.boot.web.embedded.tomcat.TomcatWebServer : 108 ] - Tomcat initialized with port(s): 2021 (http)
2020-06-10 [ restartedMain ] - [ INFO  ] [ org.apache.catalina.core.StandardService : 173 ] - Starting service [Tomcat]
2020-06-10 [ restartedMain ] - [ INFO  ] [ org.apache.catalina.core.StandardEngine : 173 ] - Starting Servlet engine: [Apache Tomcat/9.0.35]
2020-06-10 [ restartedMain ] - [ INFO  ] [ o.a.c.core.ContainerBase.[Tomcat].[localhost].[/] : 173 ] - Initializing Spring embedded WebApplicationContext
2020-06-10 [ restartedMain ] - [ INFO  ] [ org.springframework.web.context.ContextLoader : 284 ] - Root WebApplicationContext: initialization completed in 1236 ms
2020-06-10 [ restartedMain ] - [ INFO  ] [ s.d.s.w.PropertySourcedRequestMappingHandlerMapping : 69 ] - Mapped URL path [/v2/api-docs] onto method [springfox.documentation.swagger2.web.Swagger2Controller#getDocumentation(String, HttpServletRequest)]
2020-06-10 [ restartedMain ] - [ INFO  ] [ o.s.scheduling.concurrent.ThreadPoolTaskExecutor : 181 ] - Initializing ExecutorService 'applicationTaskExecutor'
2020-06-10 [ restartedMain ] - [ INFO  ] [ o.s.b.d.autoconfigure.OptionalLiveReloadServer : 58 ] - LiveReload server is running on port 35729
2020-06-10 [ restartedMain ] - [ INFO  ] [ o.s.boot.web.embedded.tomcat.TomcatWebServer : 220 ] - Tomcat started on port(s): 2021 (http) with context path ''
2020-06-10 [ restartedMain ] - [ INFO  ] [ s.d.s.web.plugins.DocumentationPluginsBootstrapper : 160 ] - Context refreshed
2020-06-10 [ restartedMain ] - [ INFO  ] [ s.d.s.web.plugins.DocumentationPluginsBootstrapper : 163 ] - Found 1 custom documentation plugin(s)
2020-06-10 [ restartedMain ] - [ INFO  ] [ s.d.spring.web.scanners.ApiListingReferenceScanner : 41 ] - Scanning for api listing references
2020-06-10 [ restartedMain ] - [ INFO  ] [ com.xuexikuaile.deng.XueApplication : 61 ] - Started XueApplication in 3.157 seconds (JVM running for 4.025)
2020-06-10 [ http-nio-2021-exec-1 ] - [ INFO  ] [ o.a.c.core.ContainerBase.[Tomcat].[localhost].[/] : 173 ] - Initializing Spring DispatcherServlet 'dispatcherServlet'
2020-06-10 [ http-nio-2021-exec-1 ] - [ INFO  ] [ org.springframework.web.servlet.DispatcherServlet : 525 ] - Initializing Servlet 'dispatcherServlet'
2020-06-10 [ http-nio-2021-exec-1 ] - [ INFO  ] [ org.springframework.web.servlet.DispatcherServlet : 547 ] - Completed initialization in 4 ms
2020-06-10 [ http-nio-2021-exec-1 ] - [ WARN  ] [ o.s.w.s.m.support.DefaultHandlerExceptionResolver : 199 ] - Resolved [org.springframework.web.bind.MissingServletRequestParameterException: Required String parameter 'password' is not present]
2020-06-10 [ restartedMain ] - [ INFO  ] [ com.xuexikuaile.deng.XueApplication : 55 ] - Starting XueApplication on DESKTOP-DCU46N6 with PID 1808 (E:\javawebproject\学可见\target\classes started by 24771 in E:\javawebproject\学可见)
2020-06-10 [ restartedMain ] - [ INFO  ] [ com.xuexikuaile.deng.XueApplication : 651 ] - No active profile set, falling back to default profiles: default
2020-06-10 [ restartedMain ] - [ INFO  ] [ o.s.b.d.env.DevToolsPropertyDefaultsPostProcessor : 225 ] - Devtools property defaults active! Set 'spring.devtools.add-properties' to 'false' to disable
2020-06-10 [ restartedMain ] - [ INFO  ] [ o.s.b.d.env.DevToolsPropertyDefaultsPostProcessor : 225 ] - For additional web related logging consider setting the 'logging.level.web' property to 'DEBUG'
2020-06-10 [ restartedMain ] - [ INFO  ] [ o.s.d.r.config.RepositoryConfigurationDelegate : 249 ] - Multiple Spring Data modules found, entering strict repository configuration mode!
2020-06-10 [ restartedMain ] - [ INFO  ] [ o.s.d.r.config.RepositoryConfigurationDelegate : 127 ] - Bootstrapping Spring Data Redis repositories in DEFAULT mode.
2020-06-10 [ restartedMain ] - [ INFO  ] [ o.s.d.r.config.RepositoryConfigurationDelegate : 187 ] - Finished Spring Data repository scanning in 5ms. Found 0 Redis repository interfaces.
2020-06-10 [ restartedMain ] - [ INFO  ] [ o.s.boot.web.embedded.tomcat.TomcatWebServer : 108 ] - Tomcat initialized with port(s): 2021 (http)
2020-06-10 [ restartedMain ] - [ INFO  ] [ org.apache.catalina.core.StandardService : 173 ] - Starting service [Tomcat]
2020-06-10 [ restartedMain ] - [ INFO  ] [ org.apache.catalina.core.StandardEngine : 173 ] - Starting Servlet engine: [Apache Tomcat/9.0.35]
2020-06-10 [ restartedMain ] - [ INFO  ] [ o.a.c.core.ContainerBase.[Tomcat].[localhost].[/] : 173 ] - Initializing Spring embedded WebApplicationContext
2020-06-10 [ restartedMain ] - [ INFO  ] [ org.springframework.web.context.ContextLoader : 284 ] - Root WebApplicationContext: initialization completed in 1219 ms
2020-06-10 [ restartedMain ] - [ INFO  ] [ s.d.s.w.PropertySourcedRequestMappingHandlerMapping : 69 ] - Mapped URL path [/v2/api-docs] onto method [springfox.documentation.swagger2.web.Swagger2Controller#getDocumentation(String, HttpServletRequest)]
2020-06-10 [ restartedMain ] - [ INFO  ] [ o.s.scheduling.concurrent.ThreadPoolTaskExecutor : 181 ] - Initializing ExecutorService 'applicationTaskExecutor'
2020-06-10 [ restartedMain ] - [ INFO  ] [ o.s.b.d.autoconfigure.OptionalLiveReloadServer : 58 ] - LiveReload server is running on port 35729
2020-06-10 [ restartedMain ] - [ INFO  ] [ o.s.boot.web.embedded.tomcat.TomcatWebServer : 220 ] - Tomcat started on port(s): 2021 (http) with context path ''
2020-06-10 [ restartedMain ] - [ INFO  ] [ s.d.s.web.plugins.DocumentationPluginsBootstrapper : 160 ] - Context refreshed
2020-06-10 [ restartedMain ] - [ INFO  ] [ s.d.s.web.plugins.DocumentationPluginsBootstrapper : 163 ] - Found 1 custom documentation plugin(s)
2020-06-10 [ restartedMain ] - [ INFO  ] [ s.d.spring.web.scanners.ApiListingReferenceScanner : 41 ] - Scanning for api listing references
2020-06-10 [ restartedMain ] - [ INFO  ] [ com.xuexikuaile.deng.XueApplication : 61 ] - Started XueApplication in 3.131 seconds (JVM running for 3.994)
2020-06-10 [ http-nio-2021-exec-1 ] - [ INFO  ] [ o.a.c.core.ContainerBase.[Tomcat].[localhost].[/] : 173 ] - Initializing Spring DispatcherServlet 'dispatcherServlet'
2020-06-10 [ http-nio-2021-exec-1 ] - [ INFO  ] [ org.springframework.web.servlet.DispatcherServlet : 525 ] - Initializing Servlet 'dispatcherServlet'
2020-06-10 [ http-nio-2021-exec-1 ] - [ INFO  ] [ org.springframework.web.servlet.DispatcherServlet : 547 ] - Completed initialization in 3 ms
2020-06-10 [ http-nio-2021-exec-1 ] - [ INFO  ] [ com.alibaba.druid.pool.DruidDataSource : 1010 ] - {dataSource-1} inited
2020-06-10 [ restartedMain ] - [ INFO  ] [ com.xuexikuaile.deng.XueApplication : 55 ] - Starting XueApplication on DESKTOP-DCU46N6 with PID 6324 (E:\javawebproject\学可见\target\classes started by 24771 in E:\javawebproject\学可见)
2020-06-10 [ restartedMain ] - [ INFO  ] [ com.xuexikuaile.deng.XueApplication : 651 ] - No active profile set, falling back to default profiles: default
2020-06-10 [ restartedMain ] - [ INFO  ] [ o.s.b.d.env.DevToolsPropertyDefaultsPostProcessor : 225 ] - Devtools property defaults active! Set 'spring.devtools.add-properties' to 'false' to disable
2020-06-10 [ restartedMain ] - [ INFO  ] [ o.s.b.d.env.DevToolsPropertyDefaultsPostProcessor : 225 ] - For additional web related logging consider setting the 'logging.level.web' property to 'DEBUG'
2020-06-10 [ restartedMain ] - [ INFO  ] [ o.s.d.r.config.RepositoryConfigurationDelegate : 249 ] - Multiple Spring Data modules found, entering strict repository configuration mode!
2020-06-10 [ restartedMain ] - [ INFO  ] [ o.s.d.r.config.RepositoryConfigurationDelegate : 127 ] - Bootstrapping Spring Data Redis repositories in DEFAULT mode.
2020-06-10 [ restartedMain ] - [ INFO  ] [ o.s.d.r.config.RepositoryConfigurationDelegate : 187 ] - Finished Spring Data repository scanning in 6ms. Found 0 Redis repository interfaces.
2020-06-10 [ restartedMain ] - [ INFO  ] [ o.s.boot.web.embedded.tomcat.TomcatWebServer : 108 ] - Tomcat initialized with port(s): 2021 (http)
2020-06-10 [ restartedMain ] - [ INFO  ] [ org.apache.catalina.core.StandardService : 173 ] - Starting service [Tomcat]
2020-06-10 [ restartedMain ] - [ INFO  ] [ org.apache.catalina.core.StandardEngine : 173 ] - Starting Servlet engine: [Apache Tomcat/9.0.35]
2020-06-10 [ restartedMain ] - [ INFO  ] [ o.a.c.core.ContainerBase.[Tomcat].[localhost].[/] : 173 ] - Initializing Spring embedded WebApplicationContext
2020-06-10 [ restartedMain ] - [ INFO  ] [ org.springframework.web.context.ContextLoader : 284 ] - Root WebApplicationContext: initialization completed in 1241 ms
2020-06-10 [ restartedMain ] - [ INFO  ] [ s.d.s.w.PropertySourcedRequestMappingHandlerMapping : 69 ] - Mapped URL path [/v2/api-docs] onto method [springfox.documentation.swagger2.web.Swagger2Controller#getDocumentation(String, HttpServletRequest)]
2020-06-10 [ restartedMain ] - [ INFO  ] [ o.s.scheduling.concurrent.ThreadPoolTaskExecutor : 181 ] - Initializing ExecutorService 'applicationTaskExecutor'
2020-06-10 [ restartedMain ] - [ INFO  ] [ o.s.b.d.autoconfigure.OptionalLiveReloadServer : 58 ] - LiveReload server is running on port 35729
2020-06-10 [ restartedMain ] - [ INFO  ] [ o.s.boot.web.embedded.tomcat.TomcatWebServer : 220 ] - Tomcat started on port(s): 2021 (http) with context path ''
2020-06-10 [ restartedMain ] - [ INFO  ] [ s.d.s.web.plugins.DocumentationPluginsBootstrapper : 160 ] - Context refreshed
2020-06-10 [ restartedMain ] - [ INFO  ] [ s.d.s.web.plugins.DocumentationPluginsBootstrapper : 163 ] - Found 1 custom documentation plugin(s)
2020-06-10 [ restartedMain ] - [ INFO  ] [ s.d.spring.web.scanners.ApiListingReferenceScanner : 41 ] - Scanning for api listing references
2020-06-10 [ restartedMain ] - [ INFO  ] [ com.xuexikuaile.deng.XueApplication : 61 ] - Started XueApplication in 3.227 seconds (JVM running for 4.093)
2020-06-10 [ http-nio-2021-exec-3 ] - [ INFO  ] [ o.a.c.core.ContainerBase.[Tomcat].[localhost].[/] : 173 ] - Initializing Spring DispatcherServlet 'dispatcherServlet'
2020-06-10 [ http-nio-2021-exec-3 ] - [ INFO  ] [ org.springframework.web.servlet.DispatcherServlet : 525 ] - Initializing Servlet 'dispatcherServlet'
2020-06-10 [ http-nio-2021-exec-3 ] - [ INFO  ] [ org.springframework.web.servlet.DispatcherServlet : 547 ] - Completed initialization in 5 ms
2020-06-10 [ http-nio-2021-exec-3 ] - [ INFO  ] [ com.alibaba.druid.pool.DruidDataSource : 1010 ] - {dataSource-1} inited
2020-06-10 [ restartedMain ] - [ INFO  ] [ com.xuexikuaile.deng.XueApplication : 55 ] - Starting XueApplication on DESKTOP-DCU46N6 with PID 7244 (E:\javawebproject\学可见\target\classes started by 24771 in E:\javawebproject\学可见)
2020-06-10 [ restartedMain ] - [ INFO  ] [ com.xuexikuaile.deng.XueApplication : 651 ] - No active profile set, falling back to default profiles: default
2020-06-10 [ restartedMain ] - [ INFO  ] [ o.s.b.d.env.DevToolsPropertyDefaultsPostProcessor : 225 ] - Devtools property defaults active! Set 'spring.devtools.add-properties' to 'false' to disable
2020-06-10 [ restartedMain ] - [ INFO  ] [ o.s.b.d.env.DevToolsPropertyDefaultsPostProcessor : 225 ] - For additional web related logging consider setting the 'logging.level.web' property to 'DEBUG'
2020-06-10 [ restartedMain ] - [ INFO  ] [ o.s.d.r.config.RepositoryConfigurationDelegate : 249 ] - Multiple Spring Data modules found, entering strict repository configuration mode!
2020-06-10 [ restartedMain ] - [ INFO  ] [ o.s.d.r.config.RepositoryConfigurationDelegate : 127 ] - Bootstrapping Spring Data Redis repositories in DEFAULT mode.
2020-06-10 [ restartedMain ] - [ INFO  ] [ o.s.d.r.config.RepositoryConfigurationDelegate : 187 ] - Finished Spring Data repository scanning in 6ms. Found 0 Redis repository interfaces.
2020-06-10 [ restartedMain ] - [ INFO  ] [ o.s.boot.web.embedded.tomcat.TomcatWebServer : 108 ] - Tomcat initialized with port(s): 2021 (http)
2020-06-10 [ restartedMain ] - [ INFO  ] [ org.apache.catalina.core.StandardService : 173 ] - Starting service [Tomcat]
2020-06-10 [ restartedMain ] - [ INFO  ] [ org.apache.catalina.core.StandardEngine : 173 ] - Starting Servlet engine: [Apache Tomcat/9.0.35]
2020-06-10 [ restartedMain ] - [ INFO  ] [ o.a.c.core.ContainerBase.[Tomcat].[localhost].[/] : 173 ] - Initializing Spring embedded WebApplicationContext
2020-06-10 [ restartedMain ] - [ INFO  ] [ org.springframework.web.context.ContextLoader : 284 ] - Root WebApplicationContext: initialization completed in 1280 ms
2020-06-10 [ restartedMain ] - [ INFO  ] [ s.d.s.w.PropertySourcedRequestMappingHandlerMapping : 69 ] - Mapped URL path [/v2/api-docs] onto method [springfox.documentation.swagger2.web.Swagger2Controller#getDocumentation(String, HttpServletRequest)]
2020-06-10 [ restartedMain ] - [ INFO  ] [ o.s.scheduling.concurrent.ThreadPoolTaskExecutor : 181 ] - Initializing ExecutorService 'applicationTaskExecutor'
2020-06-10 [ restartedMain ] - [ INFO  ] [ o.s.b.d.autoconfigure.OptionalLiveReloadServer : 58 ] - LiveReload server is running on port 35729
2020-06-10 [ restartedMain ] - [ INFO  ] [ o.s.boot.web.embedded.tomcat.TomcatWebServer : 220 ] - Tomcat started on port(s): 2021 (http) with context path ''
2020-06-10 [ restartedMain ] - [ INFO  ] [ s.d.s.web.plugins.DocumentationPluginsBootstrapper : 160 ] - Context refreshed
2020-06-10 [ restartedMain ] - [ INFO  ] [ s.d.s.web.plugins.DocumentationPluginsBootstrapper : 163 ] - Found 1 custom documentation plugin(s)
2020-06-10 [ restartedMain ] - [ INFO  ] [ s.d.spring.web.scanners.ApiListingReferenceScanner : 41 ] - Scanning for api listing references
2020-06-10 [ restartedMain ] - [ INFO  ] [ com.xuexikuaile.deng.XueApplication : 61 ] - Started XueApplication in 3.337 seconds (JVM running for 4.24)
2020-06-10 [ http-nio-2021-exec-2 ] - [ INFO  ] [ o.a.c.core.ContainerBase.[Tomcat].[localhost].[/] : 173 ] - Initializing Spring DispatcherServlet 'dispatcherServlet'
2020-06-10 [ http-nio-2021-exec-2 ] - [ INFO  ] [ org.springframework.web.servlet.DispatcherServlet : 525 ] - Initializing Servlet 'dispatcherServlet'
2020-06-10 [ http-nio-2021-exec-2 ] - [ INFO  ] [ org.springframework.web.servlet.DispatcherServlet : 547 ] - Completed initialization in 4 ms
2020-06-10 [ http-nio-2021-exec-2 ] - [ INFO  ] [ com.alibaba.druid.pool.DruidDataSource : 1010 ] - {dataSource-1} inited
